#
# There is insufficient memory for the Java Runtime Environment to continue.
# Native memory allocation (mmap) failed to map 268435456 bytes for Failed to commit area from 0x0000000700e00000 to 0x0000000710e00000 of length 268435456.
# Possible reasons:
#   The system is out of physical RAM or swap space
#   The process is running with CompressedOops enabled, and the Java Heap may be blocking the growth of the native heap
# Possible solutions:
#   Reduce memory load on the system
#   Increase physical memory or swap space
#   Check if swap backing store is full
#   Decrease Java heap size (-Xmx/-Xms)
#   Decrease number of Java threads
#   Decrease Java thread stack sizes (-Xss)
#   Set larger code cache with -XX:ReservedCodeCacheSize=
# This output file may be truncated or incomplete.
#
#  Out of Memory Error (t:/workspace/open/src/hotspot/os/windows/os_windows.cpp:3301), pid=1584, tid=21364
#
# JRE version:  (13.0.2+8) (build )
# Java VM: Java HotSpot(TM) 64-Bit Server VM (13.0.2+8, mixed mode, aot, sharing, tiered, compressed oops, g1 gc, windows-amd64)
# No core dump will be written. Minidumps are not enabled by default on client versions of Windows
#

---------------  S U M M A R Y ------------

Command Line: -ea -Dfile.encoding=UTF-8 org.eclipse.jdt.internal.junit.runner.RemoteTestRunner -version 3 -port 58435 -testLoaderClass org.eclipse.jdt.internal.junit5.runner.JUnit5TestLoader -loaderpluginname org.eclipse.jdt.junit5.runtime -classNames com.example.demotest.Demo1ApplicationTests

Host: Intel(R) Xeon(R) CPU E3-1231 v3 @ 3.40GHz, 8 cores, 15G,  Windows 10 , 64 bit Build 17134 (10.0.17134.753)
Time: Thu Mar 26 19:39:25 2020 China Standard Time elapsed time: 0 seconds (0d 0h 0m 0s)

---------------  T H R E A D  ---------------

Current thread (0x00000149fc75e800):  JavaThread "Unknown thread" [_thread_in_vm, id=21364, stack(0x000000474ee00000,0x000000474ef00000)]

Stack: [0x000000474ee00000,0x000000474ef00000]
Native frames: (J=compiled Java code, j=interpreted, Vv=VM code, C=native code)
V  [jvm.dll+0x624f9a]
V  [jvm.dll+0x770cfa]
V  [jvm.dll+0x7724af]
V  [jvm.dll+0x772ab3]
V  [jvm.dll+0x24bf08]
V  [jvm.dll+0x6222aa]
V  [jvm.dll+0x6170b5]
V  [jvm.dll+0x30a88c]
V  [jvm.dll+0x30a6c2]
V  [jvm.dll+0x30fe36]
V  [jvm.dll+0x353f46]
V  [jvm.dll+0x353720]
V  [jvm.dll+0x2e550a]
V  [jvm.dll+0x2e67a2]
V  [jvm.dll+0x74dd78]
V  [jvm.dll+0x361989]
V  [jvm.dll+0x730e65]
V  [jvm.dll+0x3cc53f]
V  [jvm.dll+0x3ce861]
C  [jli.dll+0x51ff]
C  [ucrtbase.dll+0x1e3fe]
C  [KERNEL32.DLL+0x14034]
C  [ntdll.dll+0x73691]


---------------  P R O C E S S  ---------------

Threads class SMR info:
_java_thread_list=0x00007ffbe046ccb8, length=0, elements={
}

Java Threads: ( => current thread )

Other Threads:
  0x00000149fc7cb800 GCTaskThread "GC Thread#0" [stack: 0x000000474ef00000,0x000000474f000000] [id=3248]
  0x00000149fc7ed800 ConcurrentGCThread "G1 Main Marker" [stack: 0x000000474f000000,0x000000474f100000] [id=3784]
  0x00000149fc7ef000 ConcurrentGCThread "G1 Conc#0" [stack: 0x000000474f100000,0x000000474f200000] [id=6428]

[error occurred during error reporting (printing all threads), id 0xc0000005, EXCEPTION_ACCESS_VIOLATION (0xc0000005) at pc=0x00007ffbdfca51d7]

VM state:not at safepoint (not fully initialized)

VM Mutex/Monitor currently owned by a thread:  ([mutex/lock_event])
[0x00000149fc759aa0] Heap_lock - owner thread: 0x00000149fc75e800

Heap address: 0x0000000700e00000, size: 4082 MB, Compressed Oops mode: Non-zero based: 0x0000000700e00000
Narrow klass base: 0x0000000000000000, Narrow klass shift: 0

GC Heap History (0 events):
No events

Deoptimization events (0 events):
No events

Classes unloaded (0 events):
No events

Classes redefined (0 events):
No events

Internal exceptions (0 events):
No events

Events (8 events):
Event: 0.008 Loaded shared library D:\java\jdk-13.0.2\bin\zip.dll
Event: 0.009 Loaded shared library D:\java\jdk-13.0.2\bin\jimage.dll
Event: 0.010 Loading shared library D:\java\jdk-13.0.2\lib\libjava.base-coop.dll failed, error code 126
Event: 0.010 Loading shared library D:\java\jdk-13.0.2\lib\libjava.logging-coop.dll failed, error code 126
Event: 0.010 Loading shared library D:\java\jdk-13.0.2\lib\libjdk.compiler-coop.dll failed, error code 126
Event: 0.010 Loading shared library D:\java\jdk-13.0.2\lib\libjdk.scripting.nashorn-coop.dll failed, error code 126
Event: 0.010 Loading shared library D:\java\jdk-13.0.2\lib\libjdk.internal.vm.ci-coop.dll failed, error code 126
Event: 0.010 Loading shared library D:\java\jdk-13.0.2\lib\libjdk.internal.vm.compiler-coop.dll failed, error code 126


Dynamic libraries:
0x00007ff742ee0000 - 0x00007ff742eef000 	D:\java\jdk-13.0.2\bin\javaw.exe
0x00007ffc11350000 - 0x00007ffc11531000 	C:\WINDOWS\SYSTEM32\ntdll.dll
0x00007ffc0fa20000 - 0x00007ffc0fad1000 	C:\WINDOWS\System32\KERNEL32.DLL
0x00007ffc0d890000 - 0x00007ffc0db03000 	C:\WINDOWS\System32\KERNELBASE.dll
0x00007ffc0d710000 - 0x00007ffc0d808000 	C:\WINDOWS\System32\ucrtbase.dll
0x00007ffc06ae0000 - 0x00007ffc06af8000 	D:\java\jdk-13.0.2\bin\jli.dll
0x00007ffc03980000 - 0x00007ffc03995000 	D:\java\jdk-13.0.2\bin\VCRUNTIME140.dll
0x00007ffc0e8d0000 - 0x00007ffc0e971000 	C:\WINDOWS\System32\ADVAPI32.dll
0x00007ffc0f020000 - 0x00007ffc0f0be000 	C:\WINDOWS\System32\msvcrt.dll
0x00007ffc0f8f0000 - 0x00007ffc0f94b000 	C:\WINDOWS\System32\sechost.dll
0x00007ffc0f480000 - 0x00007ffc0f5a4000 	C:\WINDOWS\System32\RPCRT4.dll
0x00007ffc0f130000 - 0x00007ffc0f2c0000 	C:\WINDOWS\System32\USER32.dll
0x00007ffc05230000 - 0x00007ffc05499000 	C:\WINDOWS\WinSxS\amd64_microsoft.windows.common-controls_6595b64144ccf1df_6.0.17134.1365_none_d401d10f7c8e8b9b\COMCTL32.dll
0x00007ffc0d870000 - 0x00007ffc0d890000 	C:\WINDOWS\System32\win32u.dll
0x00007ffc0f5b0000 - 0x00007ffc0f8d1000 	C:\WINDOWS\System32\combase.dll
0x00007ffc0f980000 - 0x00007ffc0f9a8000 	C:\WINDOWS\System32\GDI32.dll
0x00007ffc0dda0000 - 0x00007ffc0de19000 	C:\WINDOWS\System32\bcryptPrimitives.dll
0x00007ffc0ded0000 - 0x00007ffc0e061000 	C:\WINDOWS\System32\gdi32full.dll
0x00007ffc0dd00000 - 0x00007ffc0dd9f000 	C:\WINDOWS\System32\msvcp_win.dll
0x00007ffc08230000 - 0x00007ffc0823a000 	C:\WINDOWS\SYSTEM32\VERSION.dll
0x00007ffc0f950000 - 0x00007ffc0f97d000 	C:\WINDOWS\System32\IMM32.DLL
0x00007ffbdf910000 - 0x00007ffbdf9ab000 	D:\java\jdk-13.0.2\bin\msvcp140.dll
0x00007ffbdf9b0000 - 0x00007ffbe050d000 	D:\java\jdk-13.0.2\bin\server\jvm.dll
0x00007ffc0fa10000 - 0x00007ffc0fa18000 	C:\WINDOWS\System32\PSAPI.DLL
0x00007ffbf88a0000 - 0x00007ffbf88a9000 	C:\WINDOWS\SYSTEM32\WSOCK32.dll
0x00007ffc0b7d0000 - 0x00007ffc0b7f3000 	C:\WINDOWS\SYSTEM32\WINMM.dll
0x00007ffc0f0c0000 - 0x00007ffc0f12c000 	C:\WINDOWS\System32\WS2_32.dll
0x00007ffc0b5d0000 - 0x00007ffc0b5fa000 	C:\WINDOWS\SYSTEM32\WINMMBASE.dll
0x00007ffc0e070000 - 0x00007ffc0e0b9000 	C:\WINDOWS\System32\cfgmgr32.dll
0x00007ffc0d6c0000 - 0x00007ffc0d6d1000 	C:\WINDOWS\System32\kernel.appcore.dll
0x00007ffc09f80000 - 0x00007ffc09f90000 	D:\java\jdk-13.0.2\bin\verify.dll
0x00007ffbf2140000 - 0x00007ffbf2309000 	C:\WINDOWS\SYSTEM32\DBGHELP.DLL
0x00007ffbf20e0000 - 0x00007ffbf2109000 	C:\WINDOWS\SYSTEM32\dbgcore.DLL
0x00007ffc06d10000 - 0x00007ffc06d36000 	D:\java\jdk-13.0.2\bin\java.dll
0x00007ffc08a10000 - 0x00007ffc08a27000 	D:\java\jdk-13.0.2\bin\zip.dll
0x00007ffc09f10000 - 0x00007ffc09f1a000 	D:\java\jdk-13.0.2\bin\jimage.dll

dbghelp: loaded successfully - version: 4.0.5 - missing functions: none
symbol engine: initialized successfully - sym options: 0x614 - pdb path: .;D:\java\jdk-13.0.2\bin;C:\WINDOWS\SYSTEM32;C:\WINDOWS\WinSxS\amd64_microsoft.windows.common-controls_6595b64144ccf1df_6.0.17134.1365_none_d401d10f7c8e8b9b;D:\java\jdk-13.0.2\bin\server

VM Arguments:
jvm_args: -ea -Dfile.encoding=UTF-8 
java_command: org.eclipse.jdt.internal.junit.runner.RemoteTestRunner -version 3 -port 58435 -testLoaderClass org.eclipse.jdt.internal.junit5.runner.JUnit5TestLoader -loaderpluginname org.eclipse.jdt.junit5.runtime -classNames com.example.demotest.Demo1ApplicationTests
java_class_path (initial): F:\workspace\workstation\eclipse-workspace\SpringMvc\target\test-classes;F:\workspace\workstation\eclipse-workspace\SpringMvc\target\classes;C:\Users\bruce\.p2\pool\plugins\org.junit_4.12.0.v201504281640\junit.jar;C:\Users\bruce\.p2\pool\plugins\org.hamcrest.core_1.3.0.v20180420-1519.jar;C:\Users\bruce\.m2\repository\org\springframework\boot\spring-boot-starter-web\2.2.5.RELEASE\spring-boot-starter-web-2.2.5.RELEASE.jar;C:\Users\bruce\.m2\repository\org\springframework\boot\spring-boot-starter\2.2.5.RELEASE\spring-boot-starter-2.2.5.RELEASE.jar;C:\Users\bruce\.m2\repository\org\springframework\boot\spring-boot\2.2.5.RELEASE\spring-boot-2.2.5.RELEASE.jar;C:\Users\bruce\.m2\repository\org\springframework\boot\spring-boot-autoconfigure\2.2.5.RELEASE\spring-boot-autoconfigure-2.2.5.RELEASE.jar;C:\Users\bruce\.m2\repository\org\springframework\boot\spring-boot-starter-logging\2.2.5.RELEASE\spring-boot-starter-logging-2.2.5.RELEASE.jar;C:\Users\bruce\.m2\repository\ch\qos\logback\logback-classic\1.2.3\logback-classic-1.2.3.jar;C:\Users\bruce\.m2\repository\ch\qos\logback\logback-core\1.2.3\logback-core-1.2.3.jar;C:\Users\bruce\.m2\repository\org\apache\logging\log4j\log4j-to-slf4j\2.12.1\log4j-to-slf4j-2.12.1.jar;C:\Users\bruce\.m2\repository\org\apache\logging\log4j\log4j-api\2.12.1\log4j-api-2.12.1.jar;C:\Users\bruce\.m2\repository\org\slf4j\jul-to-slf4j\1.7.30\jul-to-slf4j-1.7.30.jar;C:\Users\bruce\.m2\repository\jakarta\annotation\jakarta.annotation-api\1.3.5\jakarta.annotation-api-1.3.5.jar;C:\Users\bruce\.m2\repository\org\yaml\snakeyaml\1.25\snakeyaml-1.25.jar;C:\Users\bruce\.m2\repository\org\springframework\boot\spring-boot-starter-json\2.2.5.RELEASE\spring-boot-starter-json-2.2.5.RELEASE.jar;C:\Users\bruce\.m2\repository\com\fasterxml\jackson\core\jackson-databind\2.10.2\jackson-databind-2.10.2.jar;C:\Users\bruce\.m2\repository\com\fasterxml\jackson\core\jackson-annotations\2.10.2\jackson-annotations-2.10.2.jar;C:\Users\bruce\.m2\rep
Launcher Type: SUN_STANDARD

[Global flags]
     intx CICompilerCount                          = 4                                         {product} {ergonomic}
     uint ConcGCThreads                            = 2                                         {product} {ergonomic}
     uint G1ConcRefinementThreads                  = 8                                         {product} {ergonomic}
   size_t G1HeapRegionSize                         = 1048576                                   {product} {ergonomic}
    uintx GCDrainStackTargetSize                   = 64                                        {product} {ergonomic}
   size_t InitialHeapSize                          = 268435456                                 {product} {ergonomic}
   size_t MarkStackSize                            = 4194304                                   {product} {ergonomic}
   size_t MaxHeapSize                              = 4280287232                                {product} {ergonomic}
   size_t MinHeapDeltaBytes                        = 1048576                                   {product} {ergonomic}
   size_t MinHeapSize                              = 8388608                                   {product} {ergonomic}
    uintx NonNMethodCodeHeapSize                   = 5839372                                {pd product} {ergonomic}
    uintx NonProfiledCodeHeapSize                  = 122909434                              {pd product} {ergonomic}
    uintx ProfiledCodeHeapSize                     = 122909434                              {pd product} {ergonomic}
    uintx ReservedCodeCacheSize                    = 251658240                              {pd product} {ergonomic}
     bool SegmentedCodeCache                       = true                                      {product} {ergonomic}
   size_t SoftMaxHeapSize                          = 4280287232                             {manageable} {ergonomic}
     bool UseCompressedClassPointers               = true                                 {lp64_product} {ergonomic}
     bool UseCompressedOops                        = true                                 {lp64_product} {ergonomic}
     bool UseG1GC                                  = true                                      {product} {ergonomic}
     bool UseLargePagesIndividualAllocation        = false                                  {pd product} {ergonomic}

Logging:
Log output configuration:
 #0: stdout all=warning uptime,level,tags
 #1: stderr all=off uptime,level,tags

Environment Variables:
JAVA_HOME=D:\java\jdk-13.0.2
PATH=D:/java/jdk-13.0.2/bin/server;D:/java/jdk-13.0.2/bin;C:\Perl64\site\bin;C:\Perl64\bin;D:\java\jdk-13.0.2\bin;C:\Program Files\NVIDIA GPU Computing Toolkit\CUDA\v9.0\bin;C:\Program Files\NVIDIA GPU Computing Toolkit\CUDA\v9.0\libnvvp;C:\ProgramData\Oracle\Java\javapath;C:\Program Files (x86)\Common Files\Intel\Shared Libraries\redist\intel64\compiler;C:\Program Files\Microsoft MPI\Bin\;C:\Windows\system32;C:\Windows;C:\Windows\System32\Wbem;C:\Windows\System32\WindowsPowerShell\v1.0\;C:\Program Files (x86)\NVIDIA Corporation\PhysX\Common;C:\WINDOWS\system32;C:\WINDOWS;C:\WINDOWS\System32\Wbem;C:\WINDOWS\System32\WindowsPowerShell\v1.0\;C:\Program Files\dotnet\;C:\Program Files\Microsoft SQL Server\130\Tools\Binn\;C:\Program Files (x86)\Bitvise SSH Client;D:\Program Files\TortoiseSVN\bin;C:\Program Files (x86)\IIS Express;D:\Program Files (x86)\Microsoft SQL Server\100\Tools\Binn\VSShell\Common7\IDE\;D:\Program Files (x86)\Microsoft SQL Server\100\Tools\Binn\;D:\Program Files\Microsoft SQL Server\100\Tools\Binn\;D:\Program Files (x86)\Microsoft SQL Server\100\DTS\Binn\;D:\b\cuda\cuda\bin;C:\Program Files\Git\cmd;D:\Go\bin;F:\workspace\workstation\ocr\tesseract-4.0.0-alpha;D:\Program Files\Microsoft VS Code;C:\Users\bruce\.vscode\extensions\ms-vscode.csharp-1.14.0\.omnisharp\msbuild\15.0\Bin\Roslyn;D:\Program Files (x86)\LINQPad5;D:\Program Files\nodejs\;D:\Program Files\CMake\bin;C:\MinGW\bin;D:\Program Files\LLVM\bin;C:\Program Files (x86)\GtkSharp\2.12\bin;D:\openvc\opencv\build\x64\vc15\bin;D:\openvc\opencv\build\x64\vc15\lib;F:\workspace\workstation\go\bin;F:\Program Files\green\mysql-8.0.11-winx64\bin;C:\WINDOWS\SysWOW64;C:\WINDOWS\system32;C:\WINDOWS;C:\WINDOWS\System32\Wbem;C:\WINDOWS\System32\WindowsPowerShell\v1.0\;C:\WINDOWS\System32\OpenSSH\;C:\Program Files\Common Files\Autodesk Shared\;D:\Program Files\Microsoft VS Code\bin;D:\Program Files (x86)\Gpg4win\..\GnuPG\bin;C:\Program Files\NVIDIA Corporation\NVIDIA NvDLISR;D:\flutter\bin;D:\Ruby25-x64\bin;C:\
USERNAME=bruce
OS=Windows_NT
PROCESSOR_IDENTIFIER=Intel64 Family 6 Model 60 Stepping 3, GenuineIntel



---------------  S Y S T E M  ---------------

OS: Windows 10 , 64 bit Build 17134 (10.0.17134.753)

CPU:total 8 (initial active 8) (4 cores per cpu, 2 threads per core) family 6 model 60 stepping 3, cmov, cx8, fxsr, mmx, sse, sse2, sse3, ssse3, sse4.1, sse4.2, popcnt, avx, avx2, aes, clmul, erms, lzcnt, ht, tsc, tscinvbit, bmi1, bmi2, fma

Memory: 4k page, system-wide physical 16326M (4469M free)
TotalPageFile size 21422M (AvailPageFile size 89M)
current process WorkingSet (physical memory assigned to process): 10M, peak: 10M
current process commit charge ("private bytes"): 61M, peak: 317M

vm_info: Java HotSpot(TM) 64-Bit Server VM (13.0.2+8) for windows-amd64 JRE (13.0.2+8), built on Dec 11 2019 09:20:33 by "mach5one" with unknown MS VC++:1916

END.
