#
# There is insufficient memory for the Java Runtime Environment to continue.
# Native memory allocation (malloc) failed to allocate 1015376 bytes for Chunk::new
# Possible reasons:
#   The system is out of physical RAM or swap space
#   The process is running with CompressedOops enabled, and the Java Heap may be blocking the growth of the native heap
# Possible solutions:
#   Reduce memory load on the system
#   Increase physical memory or swap space
#   Check if swap backing store is full
#   Decrease Java heap size (-Xmx/-Xms)
#   Decrease number of Java threads
#   Decrease Java thread stack sizes (-Xss)
#   Set larger code cache with -XX:ReservedCodeCacheSize=
#   JVM is running with Zero Based Compressed Oops mode in which the Java heap is
#     placed in the first 32GB address space. The Java Heap base address is the
#     maximum limit for the native heap growth. Please use -XX:HeapBaseMinAddress
#     to set the Java Heap base and to place the Java Heap above 32GB virtual address.
# This output file may be truncated or incomplete.
#
#  Out of Memory Error (t:/workspace/open/src/hotspot/share/memory/arena.cpp:196), pid=7052, tid=5816
#
# JRE version: Java(TM) SE Runtime Environment (13.0.2+8) (build 13.0.2+8)
# Java VM: Java HotSpot(TM) 64-Bit Server VM (13.0.2+8, mixed mode, sharing, tiered, compressed oops, g1 gc, windows-amd64)
# No core dump will be written. Minidumps are not enabled by default on client versions of Windows
#

---------------  S U M M A R Y ------------

Command Line: -ea -Dfile.encoding=UTF-8 org.eclipse.jdt.internal.junit.runner.RemoteTestRunner -version 3 -port 58796 -testLoaderClass org.eclipse.jdt.internal.junit5.runner.JUnit5TestLoader -loaderpluginname org.eclipse.jdt.junit5.runtime -classNames com.example.demo.Demo1ApplicationTests

Host: Intel(R) Xeon(R) CPU E3-1231 v3 @ 3.40GHz, 8 cores, 15G,  Windows 10 , 64 bit Build 17134 (10.0.17134.753)
Time: Thu Mar 26 19:40:10 2020 China Standard Time elapsed time: 3 seconds (0d 0h 0m 3s)

---------------  T H R E A D  ---------------

Current thread (0x0000018c0acfb000):  JavaThread "C2 CompilerThread1" daemon [_thread_in_native, id=5816, stack(0x00000027c9400000,0x00000027c9500000)]


Current CompileTask:
C2:   3411 3255       4       org.springframework.beans.factory.support.AbstractBeanFactory::isTypeMatch (607 bytes)

Stack: [0x00000027c9400000,0x00000027c9500000]
Native frames: (J=compiled Java code, j=interpreted, Vv=VM code, C=native code)
V  [jvm.dll+0x624f9a]
V  [jvm.dll+0x770cfa]
V  [jvm.dll+0x7724af]
V  [jvm.dll+0x772ab3]
V  [jvm.dll+0x24bf08]
V  [jvm.dll+0xc1e47]
V  [jvm.dll+0xc23cc]
V  [jvm.dll+0x2bdbf4]
V  [jvm.dll+0x5441fd]
V  [jvm.dll+0x20e00a]
V  [jvm.dll+0x207ace]
V  [jvm.dll+0x204d1d]
V  [jvm.dll+0x189c2c]
V  [jvm.dll+0x213e6d]
V  [jvm.dll+0x2120bb]
V  [jvm.dll+0x736bb6]
V  [jvm.dll+0x72fcaa]
V  [jvm.dll+0x623ea6]
C  [ucrtbase.dll+0x1e3fe]
C  [KERNEL32.DLL+0x14034]
C  [ntdll.dll+0x73691]


---------------  P R O C E S S  ---------------

Threads class SMR info:
_java_thread_list=0x0000018c0c594de0, length=13, elements={
0x0000018c6659d000, 0x0000018c0a2ac800, 0x0000018c0a2ad800, 0x0000018c0ab4f800,
0x0000018c0ab51000, 0x0000018c0ab5d000, 0x0000018c0ab65000, 0x0000018c0ab6e000,
0x0000018c0aca1000, 0x0000018c0acb9800, 0x0000018c0aeae800, 0x0000018c0acfb000,
0x0000018c0d6ec800
}

Java Threads: ( => current thread )
  0x0000018c6659d000 JavaThread "main" [_thread_in_native, id=14896, stack(0x00000027c8200000,0x00000027c8300000)]
  0x0000018c0a2ac800 JavaThread "Reference Handler" daemon [_thread_blocked, id=8600, stack(0x00000027c8900000,0x00000027c8a00000)]
  0x0000018c0a2ad800 JavaThread "Finalizer" daemon [_thread_blocked, id=16236, stack(0x00000027c8a00000,0x00000027c8b00000)]
  0x0000018c0ab4f800 JavaThread "Signal Dispatcher" daemon [_thread_blocked, id=3268, stack(0x00000027c8b00000,0x00000027c8c00000)]
  0x0000018c0ab51000 JavaThread "Attach Listener" daemon [_thread_blocked, id=1496, stack(0x00000027c8c00000,0x00000027c8d00000)]
  0x0000018c0ab5d000 JavaThread "C2 CompilerThread0" daemon [_thread_blocked, id=21340, stack(0x00000027c8d00000,0x00000027c8e00000)]
  0x0000018c0ab65000 JavaThread "C1 CompilerThread0" daemon [_thread_blocked, id=8340, stack(0x00000027c8e00000,0x00000027c8f00000)]
  0x0000018c0ab6e000 JavaThread "Sweeper thread" daemon [_thread_blocked, id=10748, stack(0x00000027c8f00000,0x00000027c9000000)]
  0x0000018c0aca1000 JavaThread "Service Thread" daemon [_thread_blocked, id=8568, stack(0x00000027c9000000,0x00000027c9100000)]
  0x0000018c0acb9800 JavaThread "Common-Cleaner" daemon [_thread_blocked, id=18608, stack(0x00000027c9200000,0x00000027c9300000)]
  0x0000018c0aeae800 JavaThread "ReaderThread" [_thread_in_native, id=16900, stack(0x00000027c9300000,0x00000027c9400000)]
=>0x0000018c0acfb000 JavaThread "C2 CompilerThread1" daemon [_thread_in_native, id=5816, stack(0x00000027c9400000,0x00000027c9500000)]
  0x0000018c0d6ec800 JavaThread "C2 CompilerThread2" daemon [_thread_blocked, id=16380, stack(0x00000027c9a00000,0x00000027c9b00000)]

Other Threads:
  0x0000018c0a2a5800 VMThread "VM Thread" [stack: 0x00000027c8800000,0x00000027c8900000] [id=9452]
  0x0000018c0acb8000 WatcherThread [stack: 0x00000027c9100000,0x00000027c9200000] [id=2380]
  0x0000018c66608800 GCTaskThread "GC Thread#0" [stack: 0x00000027c8300000,0x00000027c8400000] [id=2276]
  0x0000018c0b8fb800 GCTaskThread "GC Thread#1" [stack: 0x00000027c9500000,0x00000027c9600000] [id=20408]
  0x0000018c0b6df800 GCTaskThread "GC Thread#2" [stack: 0x00000027c9600000,0x00000027c9700000] [id=15824]
  0x0000018c0b86c800 GCTaskThread "GC Thread#3" [stack: 0x00000027c9700000,0x00000027c9800000] [id=13572]
  0x0000018c0b86d800 GCTaskThread "GC Thread#4" [stack: 0x00000027c9800000,0x00000027c9900000] [id=9768]
  0x0000018c0b7f6800 GCTaskThread "GC Thread#5" [stack: 0x00000027c9900000,0x00000027c9a00000] [id=8608]
  0x0000018c0bce7800 GCTaskThread "GC Thread#6" [stack: 0x00000027c9c00000,0x00000027c9d00000] [id=11712]
  0x0000018c0c3d6000 GCTaskThread "GC Thread#7" [stack: 0x00000027c9d00000,0x00000027c9e00000] [id=21124]
  0x0000018c6662b000 ConcurrentGCThread "G1 Main Marker" [stack: 0x00000027c8400000,0x00000027c8500000] [id=9536]
  0x0000018c6662c000 ConcurrentGCThread "G1 Conc#0" [stack: 0x00000027c8500000,0x00000027c8600000] [id=10940]
  0x0000018c0c21c000 ConcurrentGCThread "G1 Conc#1" [stack: 0x00000027c9e00000,0x00000027c9f00000] [id=19876]
  0x0000018c0a19f800 ConcurrentGCThread "G1 Refine#0" [stack: 0x00000027c8600000,0x00000027c8700000] [id=13704]
  0x0000018c0a1a2000 ConcurrentGCThread "G1 Young RemSet Sampling" [stack: 0x00000027c8700000,0x00000027c8800000] [id=21032]

Threads with active compile tasks:
C2 CompilerThread1     3438 3255       4       org.springframework.beans.factory.support.AbstractBeanFactory::isTypeMatch (607 bytes)

VM state:not at safepoint (normal execution)

VM Mutex/Monitor currently owned by a thread: None

Heap address: 0x0000000700e00000, size: 4082 MB, Compressed Oops mode: Zero based, Oop shift amount: 3
Narrow klass base: 0x0000000800000000, Narrow klass shift: 3
Compressed class space size: 1073741824 Address: 0x0000000800b40000

Heap:
 garbage-first heap   total 40960K, used 13656K [0x0000000700e00000, 0x0000000800000000)
  region size 1024K, 4 young (4096K), 3 survivors (3072K)
 Metaspace       used 27496K, capacity 28565K, committed 28720K, reserved 1075200K
  class space    used 3522K, capacity 3952K, committed 3968K, reserved 1048576K
Heap Regions: E=young(eden), S=young(survivor), O=old, HS=humongous(starts), HC=humongous(continues), CS=collection set, F=free, A=archive, TAMS=top-at-mark-start (previous, next)
|   0|0x0000000700e00000, 0x0000000700f00000, 0x0000000700f00000|100%| O|  |TAMS 0x0000000700f00000, 0x0000000700e00000| Untracked 
|   1|0x0000000700f00000, 0x0000000701000000, 0x0000000701000000|100%| O|  |TAMS 0x0000000701000000, 0x0000000700f00000| Untracked 
|   2|0x0000000701000000, 0x0000000701098200, 0x0000000701100000| 59%| O|  |TAMS 0x0000000701098200, 0x0000000701000000| Untracked 
|   3|0x0000000701100000, 0x0000000701200000, 0x0000000701200000|100%| O|  |TAMS 0x0000000701100000, 0x0000000701100000| Untracked 
|   4|0x0000000701200000, 0x0000000701300000, 0x0000000701300000|100%| O|  |TAMS 0x0000000701200000, 0x0000000701200000| Untracked 
|   5|0x0000000701300000, 0x0000000701400000, 0x0000000701400000|100%| O|  |TAMS 0x0000000701300000, 0x0000000701300000| Untracked 
|   6|0x0000000701400000, 0x0000000701500000, 0x0000000701500000|100%| O|  |TAMS 0x0000000701400000, 0x0000000701400000| Untracked 
|   7|0x0000000701500000, 0x0000000701600000, 0x0000000701600000|100%| O|  |TAMS 0x0000000701500000, 0x0000000701500000| Untracked 
|   8|0x0000000701600000, 0x0000000701700000, 0x0000000701700000|100%| O|  |TAMS 0x0000000701600000, 0x0000000701600000| Untracked 
|   9|0x0000000701700000, 0x0000000701800000, 0x0000000701800000|100%| O|  |TAMS 0x0000000701700000, 0x0000000701700000| Untracked 
|  10|0x0000000701800000, 0x0000000701900000, 0x0000000701900000|100%| O|  |TAMS 0x0000000701800000, 0x0000000701800000| Untracked 
|  11|0x0000000701900000, 0x0000000701900000, 0x0000000701a00000|  0%| F|  |TAMS 0x0000000701900000, 0x0000000701900000| Untracked 
|  12|0x0000000701a00000, 0x0000000701a00000, 0x0000000701b00000|  0%| F|  |TAMS 0x0000000701a00000, 0x0000000701a00000| Untracked 
|  13|0x0000000701b00000, 0x0000000701b00000, 0x0000000701c00000|  0%| F|  |TAMS 0x0000000701b00000, 0x0000000701b00000| Untracked 
|  14|0x0000000701c00000, 0x0000000701c00000, 0x0000000701d00000|  0%| F|  |TAMS 0x0000000701c00000, 0x0000000701c00000| Untracked 
|  15|0x0000000701d00000, 0x0000000701d00000, 0x0000000701e00000|  0%| F|  |TAMS 0x0000000701d00000, 0x0000000701d00000| Untracked 
|  16|0x0000000701e00000, 0x0000000701e00000, 0x0000000701f00000|  0%| F|  |TAMS 0x0000000701e00000, 0x0000000701e00000| Untracked 
|  17|0x0000000701f00000, 0x0000000701f00000, 0x0000000702000000|  0%| F|  |TAMS 0x0000000701f00000, 0x0000000701f00000| Untracked 
|  18|0x0000000702000000, 0x0000000702000000, 0x0000000702100000|  0%| F|  |TAMS 0x0000000702000000, 0x0000000702000000| Untracked 
|  19|0x0000000702100000, 0x0000000702100000, 0x0000000702200000|  0%| F|  |TAMS 0x0000000702100000, 0x0000000702100000| Untracked 
|  20|0x0000000702200000, 0x00000007022bdfc0, 0x0000000702300000| 74%| S|CS|TAMS 0x0000000702200000, 0x0000000702200000| Complete 
|  21|0x0000000702300000, 0x0000000702400000, 0x0000000702400000|100%| S|CS|TAMS 0x0000000702300000, 0x0000000702300000| Complete 
|  22|0x0000000702400000, 0x0000000702500000, 0x0000000702500000|100%| S|CS|TAMS 0x0000000702400000, 0x0000000702400000| Complete 
|  23|0x0000000702500000, 0x0000000702500000, 0x0000000702600000|  0%| F|  |TAMS 0x0000000702500000, 0x0000000702500000| Untracked 
|  24|0x0000000702600000, 0x0000000702600000, 0x0000000702700000|  0%| F|  |TAMS 0x0000000702600000, 0x0000000702600000| Untracked 
|  25|0x0000000702700000, 0x0000000702700000, 0x0000000702800000|  0%| F|  |TAMS 0x0000000702700000, 0x0000000702700000| Untracked 
|  26|0x0000000702800000, 0x0000000702800000, 0x0000000702900000|  0%| F|  |TAMS 0x0000000702800000, 0x0000000702800000| Untracked 
|  27|0x0000000702900000, 0x0000000702900000, 0x0000000702a00000|  0%| F|  |TAMS 0x0000000702900000, 0x0000000702900000| Untracked 
|  28|0x0000000702a00000, 0x0000000702a00000, 0x0000000702b00000|  0%| F|  |TAMS 0x0000000702a00000, 0x0000000702a00000| Untracked 
|  29|0x0000000702b00000, 0x0000000702b00000, 0x0000000702c00000|  0%| F|  |TAMS 0x0000000702b00000, 0x0000000702b00000| Untracked 
|  30|0x0000000702c00000, 0x0000000702c00000, 0x0000000702d00000|  0%| F|  |TAMS 0x0000000702c00000, 0x0000000702c00000| Untracked 
| 158|0x000000070ac00000, 0x000000070ac00000, 0x000000070ad00000|  0%| F|  |TAMS 0x000000070ac00000, 0x000000070ac00000| Untracked 
| 159|0x000000070ad00000, 0x000000070ad00000, 0x000000070ae00000|  0%| F|  |TAMS 0x000000070ad00000, 0x000000070ad00000| Untracked 
| 160|0x000000070ae00000, 0x000000070ae00000, 0x000000070af00000|  0%| F|  |TAMS 0x000000070ae00000, 0x000000070ae00000| Untracked 
| 161|0x000000070af00000, 0x000000070af00000, 0x000000070b000000|  0%| F|  |TAMS 0x000000070af00000, 0x000000070af00000| Untracked 
| 162|0x000000070b000000, 0x000000070b000000, 0x000000070b100000|  0%| F|  |TAMS 0x000000070b000000, 0x000000070b000000| Untracked 
| 163|0x000000070b100000, 0x000000070b100000, 0x000000070b200000|  0%| F|  |TAMS 0x000000070b100000, 0x000000070b100000| Untracked 
| 164|0x000000070b200000, 0x000000070b200000, 0x000000070b300000|  0%| F|  |TAMS 0x000000070b200000, 0x000000070b200000| Untracked 
| 254|0x0000000710c00000, 0x0000000710c51040, 0x0000000710d00000| 31%| E|  |TAMS 0x0000000710c00000, 0x0000000710c00000| Complete 
| 255|0x0000000710d00000, 0x0000000710e00000, 0x0000000710e00000|100%| E|CS|TAMS 0x0000000710d00000, 0x0000000710d00000| Complete 

Card table byte_map: [0x0000018c7e6f0000,0x0000018c7eef0000] _byte_map_base: 0x0000018c7aee9000

Marking Bits (Prev, Next): (CMBitMap*) 0x0000018c66609638, (CMBitMap*) 0x0000018c666095f8
 Prev Bits: [0x0000018c03fd0000, 0x0000018c07f98000)
 Next Bits: [0x0000018c00000000, 0x0000018c03fc8000)

Polling page: 0x0000018c64550000

Metaspace:

Usage:
  Non-class:     24.04 MB capacity,    23.41 MB ( 97%) used,   523.02 KB (  2%) free+waste,   115.00 KB ( <1%) overhead. 
      Class:      3.86 MB capacity,     3.44 MB ( 89%) used,   370.78 KB (  9%) free+waste,    57.63 KB (  1%) overhead. 
       Both:     27.90 MB capacity,    26.85 MB ( 96%) used,   893.80 KB (  3%) free+waste,   172.63 KB ( <1%) overhead. 

Virtual space:
  Non-class space:       26.00 MB reserved,      24.17 MB ( 93%) committed 
      Class space:        1.00 GB reserved,       3.88 MB ( <1%) committed 
             Both:        1.03 GB reserved,      28.05 MB (  3%) committed 

Chunk freelists:
   Non-Class:  11.00 KB
       Class:  16.00 KB
        Both:  27.00 KB

MaxMetaspaceSize: 17179869184.00 GB
CompressedClassSpaceSize: 1.00 GB

CodeHeap 'non-profiled nmethods': size=120000Kb used=1476Kb max_used=1476Kb free=118523Kb
 bounds [0x0000018c76560000, 0x0000018c767d0000, 0x0000018c7da90000]
CodeHeap 'profiled nmethods': size=120000Kb used=7422Kb max_used=7422Kb free=112578Kb
 bounds [0x0000018c6f030000, 0x0000018c6f770000, 0x0000018c76560000]
CodeHeap 'non-nmethods': size=5760Kb used=1229Kb max_used=1321Kb free=4530Kb
 bounds [0x0000018c6ea90000, 0x0000018c6ed00000, 0x0000018c6f030000]
 total_blobs=4937 nmethods=3149 adapters=403
 compilation: enabled
              stopped_count=0, restarted_count=0
 full_count=0

Compilation events (20 events):
Event: 3.388 Thread 0x0000018c0ab65000 3340       3       java.beans.Introspector::<init> (183 bytes)
Event: 3.390 Thread 0x0000018c0ab65000 nmethod 3340 0x0000018c6f74d490 code [0x0000018c6f74d7a0, 0x0000018c6f74e9e0]
Event: 3.390 Thread 0x0000018c0ab65000 3341       3       java.beans.Introspector::getBeanInfo (54 bytes)
Event: 3.390 Thread 0x0000018c0ab65000 nmethod 3341 0x0000018c6f74ef90 code [0x0000018c6f74f180, 0x0000018c6f74f510]
Event: 3.393 Thread 0x0000018c0ab65000 3342   !   3       org.springframework.beans.factory.support.DefaultListableBeanFactory::doGetBeanNamesForType (506 bytes)
Event: 3.396 Thread 0x0000018c0d6ec800 nmethod 3338 0x0000018c766cc990 code [0x0000018c766ccb40, 0x0000018c766ccec8]
Event: 3.399 Thread 0x0000018c0ab65000 nmethod 3342 0x0000018c6f74f690 code [0x0000018c6f74fe40, 0x0000018c6f7563a0]
Event: 3.399 Thread 0x0000018c0ab65000 3345       3       java.util.ArrayList::contains (14 bytes)
Event: 3.399 Thread 0x0000018c0ab65000 nmethod 3345 0x0000018c6f758290 code [0x0000018c6f758440, 0x0000018c6f7587d0]
Event: 3.399 Thread 0x0000018c0ab65000 3343   !   3       org.springframework.util.ConcurrentReferenceHashMap$Segment::restructure (316 bytes)
Event: 3.402 Thread 0x0000018c0ab65000 nmethod 3343 0x0000018c6f758890 code [0x0000018c6f758ca0, 0x0000018c6f75b510]
Event: 3.402 Thread 0x0000018c0ab65000 3346       3       java.util.ArrayList::indexOf (11 bytes)
Event: 3.402 Thread 0x0000018c0ab65000 nmethod 3346 0x0000018c6f75c790 code [0x0000018c6f75c940, 0x0000018c6f75cb90]
Event: 3.402 Thread 0x0000018c0ab65000 3344   !   3       org.springframework.beans.CachedIntrospectionResults::buildGenericTypeAwarePropertyDescriptor (62 bytes)
Event: 3.403 Thread 0x0000018c0ab65000 nmethod 3344 0x0000018c6f75cc10 code [0x0000018c6f75cee0, 0x0000018c6f75dde0]
Event: 3.403 Thread 0x0000018c0ab65000 3347       1       org.springframework.beans.factory.config.InstantiationAwareBeanPostProcessorAdapter::determineCandidateConstructors (2 bytes)
Event: 3.403 Thread 0x0000018c0ab65000 nmethod 3347 0x0000018c766cd190 code [0x0000018c766cd320, 0x0000018c766cd458]
Event: 3.403 Thread 0x0000018c0ab65000 3348       1       org.springframework.beans.factory.support.DefaultListableBeanFactory::getAutowireCandidateResolver (5 bytes)
Event: 3.403 Thread 0x0000018c0ab65000 nmethod 3348 0x0000018c766cd510 code [0x0000018c766cd6a0, 0x0000018c766cd7d8]
Event: 3.406 Thread 0x0000018c0ab65000 3349       3       java.beans.BeanDescriptor::<init> (145 bytes)

GC Heap History (10 events):
Event: 1.237 GC heap before
{Heap before GC invocations=0 (full 0):
 garbage-first heap   total 262144K, used 23552K [0x0000000700e00000, 0x0000000800000000)
  region size 1024K, 24 young (24576K), 0 survivors (0K)
 Metaspace       used 5692K, capacity 6501K, committed 6784K, reserved 1056768K
  class space    used 656K, capacity 826K, committed 896K, reserved 1048576K
}
Event: 1.242 GC heap after
{Heap after GC invocations=1 (full 0):
 garbage-first heap   total 262144K, used 5728K [0x0000000700e00000, 0x0000000800000000)
  region size 1024K, 3 young (3072K), 3 survivors (3072K)
 Metaspace       used 5692K, capacity 6501K, committed 6784K, reserved 1056768K
  class space    used 656K, capacity 826K, committed 896K, reserved 1048576K
}
Event: 2.208 GC heap before
{Heap before GC invocations=1 (full 0):
 garbage-first heap   total 262144K, used 94816K [0x0000000700e00000, 0x0000000800000000)
  region size 1024K, 91 young (93184K), 3 survivors (3072K)
 Metaspace       used 20540K, capacity 21230K, committed 21296K, reserved 1067008K
  class space    used 2618K, capacity 2930K, committed 2944K, reserved 1048576K
}
Event: 2.218 GC heap after
{Heap after GC invocations=2 (full 0):
 garbage-first heap   total 262144K, used 9665K [0x0000000700e00000, 0x0000000800000000)
  region size 1024K, 7 young (7168K), 7 survivors (7168K)
 Metaspace       used 20540K, capacity 21230K, committed 21296K, reserved 1067008K
  class space    used 2618K, capacity 2930K, committed 2944K, reserved 1048576K
}
Event: 2.453 GC heap before
{Heap before GC invocations=3 (full 0):
 garbage-first heap   total 40960K, used 30145K [0x0000000700e00000, 0x0000000800000000)
  region size 1024K, 27 young (27648K), 7 survivors (7168K)
 Metaspace       used 22416K, capacity 23220K, committed 23472K, reserved 1069056K
  class space    used 2883K, capacity 3210K, committed 3328K, reserved 1048576K
}
Event: 2.460 GC heap after
{Heap after GC invocations=4 (full 0):
 garbage-first heap   total 40960K, used 10226K [0x0000000700e00000, 0x0000000800000000)
  region size 1024K, 2 young (2048K), 2 survivors (2048K)
 Metaspace       used 22416K, capacity 23220K, committed 23472K, reserved 1069056K
  class space    used 2883K, capacity 3210K, committed 3328K, reserved 1048576K
}
Event: 2.764 GC heap before
{Heap before GC invocations=4 (full 0):
 garbage-first heap   total 40960K, used 28658K [0x0000000700e00000, 0x0000000800000000)
  region size 1024K, 20 young (20480K), 2 survivors (2048K)
 Metaspace       used 24837K, capacity 25709K, committed 26032K, reserved 1071104K
  class space    used 3178K, capacity 3496K, committed 3584K, reserved 1048576K
}
Event: 2.766 GC heap after
{Heap after GC invocations=5 (full 0):
 garbage-first heap   total 40960K, used 10873K [0x0000000700e00000, 0x0000000800000000)
  region size 1024K, 2 young (2048K), 2 survivors (2048K)
 Metaspace       used 24837K, capacity 25709K, committed 26032K, reserved 1071104K
  class space    used 3178K, capacity 3496K, committed 3584K, reserved 1048576K
}
Event: 3.170 GC heap before
{Heap before GC invocations=5 (full 0):
 garbage-first heap   total 40960K, used 29305K [0x0000000700e00000, 0x0000000800000000)
  region size 1024K, 21 young (21504K), 2 survivors (2048K)
 Metaspace       used 26894K, capacity 27889K, committed 28208K, reserved 1073152K
  class space    used 3460K, capacity 3859K, committed 3968K, reserved 1048576K
}
Event: 3.175 GC heap after
{Heap after GC invocations=6 (full 0):
 garbage-first heap   total 40960K, used 12494K [0x0000000700e00000, 0x0000000800000000)
  region size 1024K, 3 young (3072K), 3 survivors (3072K)
 Metaspace       used 26894K, capacity 27889K, committed 28208K, reserved 1073152K
  class space    used 3460K, capacity 3859K, committed 3968K, reserved 1048576K
}

Deoptimization events (20 events):
Event: 2.961 Thread 0x0000018c6659d000 DEOPT PACKING pc=0x0000018c6f2db7de sp=0x00000027c82fa780
Event: 2.961 Thread 0x0000018c6659d000 DEOPT UNPACKING pc=0x0000018c6ead964e sp=0x00000027c82f9cc0 mode 0
Event: 2.962 Thread 0x0000018c6659d000 DEOPT PACKING pc=0x0000018c6f2df315 sp=0x00000027c82fa7c0
Event: 2.962 Thread 0x0000018c6659d000 DEOPT UNPACKING pc=0x0000018c6ead964e sp=0x00000027c82f9cb8 mode 0
Event: 3.079 Thread 0x0000018c6659d000 Uncommon trap: trap_request=0xffffffde fr.pc=0x0000018c7668cc50 relative=0x00000000000045b0
Event: 3.079 Thread 0x0000018c6659d000 Uncommon trap: reason=class_check action=maybe_recompile pc=0x0000018c7668cc50 method=org.springframework.beans.factory.support.AbstractAutowireCapableBeanFactory.predictBeanType(Ljava/lang/String;Lorg/springframework/beans/factory/support/RootBeanDefinit
Event: 3.079 Thread 0x0000018c6659d000 DEOPT PACKING pc=0x0000018c7668cc50 sp=0x00000027c82fb5a0
Event: 3.079 Thread 0x0000018c6659d000 DEOPT UNPACKING pc=0x0000018c6ead912f sp=0x00000027c82fb4c0 mode 2
Event: 3.079 Thread 0x0000018c6659d000 Uncommon trap: trap_request=0xffffffde fr.pc=0x0000018c7668cc50 relative=0x00000000000045b0
Event: 3.079 Thread 0x0000018c6659d000 Uncommon trap: reason=class_check action=maybe_recompile pc=0x0000018c7668cc50 method=org.springframework.beans.factory.support.AbstractAutowireCapableBeanFactory.predictBeanType(Ljava/lang/String;Lorg/springframework/beans/factory/support/RootBeanDefinit
Event: 3.079 Thread 0x0000018c6659d000 DEOPT PACKING pc=0x0000018c7668cc50 sp=0x00000027c82fb5a0
Event: 3.079 Thread 0x0000018c6659d000 DEOPT UNPACKING pc=0x0000018c6ead912f sp=0x00000027c82fb4c0 mode 2
Event: 3.079 Thread 0x0000018c6659d000 Uncommon trap: trap_request=0xffffffde fr.pc=0x0000018c7668cc50 relative=0x00000000000045b0
Event: 3.079 Thread 0x0000018c6659d000 Uncommon trap: reason=class_check action=maybe_recompile pc=0x0000018c7668cc50 method=org.springframework.beans.factory.support.AbstractAutowireCapableBeanFactory.predictBeanType(Ljava/lang/String;Lorg/springframework/beans/factory/support/RootBeanDefinit
Event: 3.079 Thread 0x0000018c6659d000 DEOPT PACKING pc=0x0000018c7668cc50 sp=0x00000027c82fb5a0
Event: 3.079 Thread 0x0000018c6659d000 DEOPT UNPACKING pc=0x0000018c6ead912f sp=0x00000027c82fb4c0 mode 2
Event: 3.079 Thread 0x0000018c6659d000 Uncommon trap: trap_request=0xffffffde fr.pc=0x0000018c7668cc50 relative=0x00000000000045b0
Event: 3.079 Thread 0x0000018c6659d000 Uncommon trap: reason=class_check action=maybe_recompile pc=0x0000018c7668cc50 method=org.springframework.beans.factory.support.AbstractAutowireCapableBeanFactory.predictBeanType(Ljava/lang/String;Lorg/springframework/beans/factory/support/RootBeanDefinit
Event: 3.079 Thread 0x0000018c6659d000 DEOPT PACKING pc=0x0000018c7668cc50 sp=0x00000027c82fb5a0
Event: 3.079 Thread 0x0000018c6659d000 DEOPT UNPACKING pc=0x0000018c6ead912f sp=0x00000027c82fb4c0 mode 2

Classes unloaded (0 events):
No events

Classes redefined (0 events):
No events

Internal exceptions (20 events):
Event: 3.348 Thread 0x0000018c6659d000 Exception <a 'java/lang/ClassNotFoundException'{0x000000070289e390}: org/springframework/beans/factory/InitializingBeanCustomizer> (0x000000070289e390) 
thrown [t:/workspace/open/src/hotspot/share/classfile/systemDictionary.cpp, line 232]
Event: 3.348 Thread 0x0000018c6659d000 Exception <a 'java/lang/ClassNotFoundException'{0x00000007028b1550}: org/springframework/beans/factory/DisposableBeanCustomizer> (0x00000007028b1550) 
thrown [t:/workspace/open/src/hotspot/share/classfile/systemDictionary.cpp, line 232]
Event: 3.370 Thread 0x0000018c6659d000 Exception <a 'java/lang/ClassNotFoundException'{0x00000007027c2eb8}: java/lang/ObjectCustomizer> (0x00000007027c2eb8) 
thrown [t:/workspace/open/src/hotspot/share/classfile/systemDictionary.cpp, line 232]
Event: 3.371 Thread 0x0000018c6659d000 Exception <a 'java/lang/ClassNotFoundException'{0x00000007027ddb00}: org/springframework/boot/autoconfigure/http/HttpMessageConvertersAutoConfigurationCustomizer> (0x00000007027ddb00) 
thrown [t:/workspace/open/src/hotspot/share/classfile/systemDictionary.cpp, line 232]
Event: 3.376 Thread 0x0000018c6659d000 Exception <a 'java/lang/ClassNotFoundException'{0x000000070260cfb0}: java/lang/ObjectCustomizer> (0x000000070260cfb0) 
thrown [t:/workspace/open/src/hotspot/share/classfile/systemDictionary.cpp, line 232]
Event: 3.377 Thread 0x0000018c6659d000 Exception <a 'java/lang/ClassNotFoundException'{0x000000070262ce28}: org/springframework/boot/autoconfigure/http/HttpMessageConvertersAutoConfiguration$StringHttpMessageConverterConfigurationCustomizer> (0x000000070262ce28) 
thrown [t:/workspace/open/src/hotspot/share/classfile/systemDictionary.cpp, line 232]
Event: 3.382 Thread 0x0000018c6659d000 Exception <a 'java/lang/ClassNotFoundException'{0x0000000702665230}: java/lang/ObjectCustomizer> (0x0000000702665230) 
thrown [t:/workspace/open/src/hotspot/share/classfile/systemDictionary.cpp, line 232]
Event: 3.383 Thread 0x0000018c6659d000 Exception <a 'java/lang/ClassNotFoundException'{0x000000070267d448}: org/springframework/http/converter/AbstractHttpMessageConverterCustomizer> (0x000000070267d448) 
thrown [t:/workspace/open/src/hotspot/share/classfile/systemDictionary.cpp, line 232]
Event: 3.385 Thread 0x0000018c6659d000 Exception <a 'java/lang/ClassNotFoundException'{0x000000070269c378}: org/springframework/http/converter/StringHttpMessageConverterCustomizer> (0x000000070269c378) 
thrown [t:/workspace/open/src/hotspot/share/classfile/systemDictionary.cpp, line 232]
Event: 3.387 Thread 0x0000018c6659d000 Exception <a 'java/lang/ClassNotFoundException'{0x00000007026b6588}: org/springframework/http/converter/HttpMessageConverterCustomizer> (0x00000007026b6588) 
thrown [t:/workspace/open/src/hotspot/share/classfile/systemDictionary.cpp, line 232]
Event: 3.388 Thread 0x0000018c6659d000 Exception <a 'java/lang/ClassNotFoundException'{0x00000007026c6478}: java/lang/ObjectCustomizer> (0x00000007026c6478) 
thrown [t:/workspace/open/src/hotspot/share/classfile/systemDictionary.cpp, line 232]
Event: 3.390 Thread 0x0000018c6659d000 Exception <a 'java/lang/ClassNotFoundException'{0x00000007026e7a10}: org/springframework/boot/autoconfigure/http/JacksonHttpMessageConvertersConfiguration$MappingJackson2HttpMessageConverterConfigurationCustomizer> (0x00000007026e7a10) 
thrown [t:/workspace/open/src/hotspot/share/classfile/systemDictionary.cpp, line 232]
Event: 3.392 Thread 0x0000018c6659d000 Exception <a 'java/lang/ClassNotFoundException'{0x00000007026ef9c8}: java/lang/ObjectCustomizer> (0x00000007026ef9c8) 
thrown [t:/workspace/open/src/hotspot/share/classfile/systemDictionary.cpp, line 232]
Event: 3.393 Thread 0x0000018c6659d000 Exception <a 'java/lang/ClassNotFoundException'{0x000000070250e210}: org/springframework/boot/autoconfigure/jackson/JacksonAutoConfiguration$JacksonObjectMapperConfigurationCustomizer> (0x000000070250e210) 
thrown [t:/workspace/open/src/hotspot/share/classfile/systemDictionary.cpp, line 232]
Event: 3.394 Thread 0x0000018c6659d000 Exception <a 'java/lang/ClassNotFoundException'{0x00000007025167d8}: java/lang/ObjectCustomizer> (0x00000007025167d8) 
thrown [t:/workspace/open/src/hotspot/share/classfile/systemDictionary.cpp, line 232]
Event: 3.396 Thread 0x0000018c6659d000 Exception <a 'java/lang/ClassNotFoundException'{0x0000000702535498}: org/springframework/boot/autoconfigure/jackson/JacksonAutoConfiguration$JacksonObjectMapperBuilderConfigurationCustomizer> (0x0000000702535498) 
thrown [t:/workspace/open/src/hotspot/share/classfile/systemDictionary.cpp, line 232]
Event: 3.398 Thread 0x0000018c6659d000 Exception <a 'java/lang/ClassNotFoundException'{0x000000070253f5d0}: java/lang/ObjectCustomizer> (0x000000070253f5d0) 
thrown [t:/workspace/open/src/hotspot/share/classfile/systemDictionary.cpp, line 232]
Event: 3.400 Thread 0x0000018c6659d000 Exception <a 'java/lang/ClassNotFoundException'{0x00000007025606b0}: org/springframework/boot/autoconfigure/jackson/JacksonAutoConfiguration$Jackson2ObjectMapperBuilderCustomizerConfigurationCustomizer> (0x00000007025606b0) 
thrown [t:/workspace/open/src/hotspot/share/classfile/systemDictionary.cpp, line 232]
Event: 3.403 Thread 0x0000018c6659d000 Exception <a 'java/lang/ClassNotFoundException'{0x000000070256c908}: java/lang/ObjectCustomizer> (0x000000070256c908) 
thrown [t:/workspace/open/src/hotspot/share/classfile/systemDictionary.cpp, line 232]
Event: 3.406 Thread 0x0000018c6659d000 Exception <a 'java/lang/ClassNotFoundException'{0x0000000702585fe0}: org/springframework/boot/autoconfigure/jackson/JacksonPropertiesCustomizer> (0x0000000702585fe0) 
thrown [t:/workspace/open/src/hotspot/share/classfile/systemDictionary.cpp, line 232]

Events (20 events):
Event: 3.398 loading class java/lang/ObjectCustomizer
Event: 3.398 loading class java/lang/ObjectCustomizer done
Event: 3.398 loading class java/lang/ObjectCustomizer
Event: 3.398 loading class java/lang/ObjectCustomizer done
Event: 3.398 loading class org/springframework/boot/autoconfigure/jackson/JacksonAutoConfiguration$Jackson2ObjectMapperBuilderCustomizerConfigurationCustomizer
Event: 3.398 loading class org/springframework/boot/autoconfigure/jackson/JacksonAutoConfiguration$Jackson2ObjectMapperBuilderCustomizerConfigurationCustomizer done
Event: 3.399 loading class org/springframework/boot/autoconfigure/jackson/JacksonAutoConfiguration$Jackson2ObjectMapperBuilderCustomizerConfigurationCustomizer
Event: 3.399 loading class org/springframework/boot/autoconfigure/jackson/JacksonAutoConfiguration$Jackson2ObjectMapperBuilderCustomizerConfigurationCustomizer done
Event: 3.400 loading class org/springframework/boot/autoconfigure/jackson/JacksonAutoConfiguration$Jackson2ObjectMapperBuilderCustomizerConfigurationCustomizer
Event: 3.400 loading class org/springframework/boot/autoconfigure/jackson/JacksonAutoConfiguration$Jackson2ObjectMapperBuilderCustomizerConfigurationCustomizer done
Event: 3.403 loading class java/lang/ObjectCustomizer
Event: 3.403 loading class java/lang/ObjectCustomizer done
Event: 3.403 loading class java/lang/ObjectCustomizer
Event: 3.403 loading class java/lang/ObjectCustomizer done
Event: 3.403 loading class org/springframework/boot/autoconfigure/jackson/JacksonPropertiesCustomizer
Event: 3.403 loading class org/springframework/boot/autoconfigure/jackson/JacksonPropertiesCustomizer done
Event: 3.404 loading class org/springframework/boot/autoconfigure/jackson/JacksonPropertiesCustomizer
Event: 3.404 loading class org/springframework/boot/autoconfigure/jackson/JacksonPropertiesCustomizer done
Event: 3.406 loading class org/springframework/boot/autoconfigure/jackson/JacksonPropertiesCustomizer
Event: 3.406 loading class org/springframework/boot/autoconfigure/jackson/JacksonPropertiesCustomizer done


Dynamic libraries:
0x00007ff742ee0000 - 0x00007ff742eef000 	D:\java\jdk-13.0.2\bin\javaw.exe
0x00007ffc11350000 - 0x00007ffc11531000 	C:\WINDOWS\SYSTEM32\ntdll.dll
0x00007ffc0fa20000 - 0x00007ffc0fad1000 	C:\WINDOWS\System32\KERNEL32.DLL
0x00007ffc0d890000 - 0x00007ffc0db03000 	C:\WINDOWS\System32\KERNELBASE.dll
0x00007ffc06ae0000 - 0x00007ffc06af8000 	D:\java\jdk-13.0.2\bin\jli.dll
0x00007ffc0d710000 - 0x00007ffc0d808000 	C:\WINDOWS\System32\ucrtbase.dll
0x00007ffc03980000 - 0x00007ffc03995000 	D:\java\jdk-13.0.2\bin\VCRUNTIME140.dll
0x00007ffc0e8d0000 - 0x00007ffc0e971000 	C:\WINDOWS\System32\ADVAPI32.dll
0x00007ffc0f020000 - 0x00007ffc0f0be000 	C:\WINDOWS\System32\msvcrt.dll
0x00007ffc0f8f0000 - 0x00007ffc0f94b000 	C:\WINDOWS\System32\sechost.dll
0x00007ffc0f480000 - 0x00007ffc0f5a4000 	C:\WINDOWS\System32\RPCRT4.dll
0x00007ffc0f130000 - 0x00007ffc0f2c0000 	C:\WINDOWS\System32\USER32.dll
0x00007ffc05230000 - 0x00007ffc05499000 	C:\WINDOWS\WinSxS\amd64_microsoft.windows.common-controls_6595b64144ccf1df_6.0.17134.1365_none_d401d10f7c8e8b9b\COMCTL32.dll
0x00007ffc0d870000 - 0x00007ffc0d890000 	C:\WINDOWS\System32\win32u.dll
0x00007ffc0f5b0000 - 0x00007ffc0f8d1000 	C:\WINDOWS\System32\combase.dll
0x00007ffc0f980000 - 0x00007ffc0f9a8000 	C:\WINDOWS\System32\GDI32.dll
0x00007ffc0dda0000 - 0x00007ffc0de19000 	C:\WINDOWS\System32\bcryptPrimitives.dll
0x00007ffc0ded0000 - 0x00007ffc0e061000 	C:\WINDOWS\System32\gdi32full.dll
0x00007ffc0dd00000 - 0x00007ffc0dd9f000 	C:\WINDOWS\System32\msvcp_win.dll
0x00007ffc08230000 - 0x00007ffc0823a000 	C:\WINDOWS\SYSTEM32\VERSION.dll
0x00007ffc0f950000 - 0x00007ffc0f97d000 	C:\WINDOWS\System32\IMM32.DLL
0x00007ffbdf910000 - 0x00007ffbdf9ab000 	D:\java\jdk-13.0.2\bin\msvcp140.dll
0x00007ffbdf9b0000 - 0x00007ffbe050d000 	D:\java\jdk-13.0.2\bin\server\jvm.dll
0x00007ffc0fa10000 - 0x00007ffc0fa18000 	C:\WINDOWS\System32\PSAPI.DLL
0x00007ffbf88a0000 - 0x00007ffbf88a9000 	C:\WINDOWS\SYSTEM32\WSOCK32.dll
0x00007ffc0b7d0000 - 0x00007ffc0b7f3000 	C:\WINDOWS\SYSTEM32\WINMM.dll
0x00007ffc0f0c0000 - 0x00007ffc0f12c000 	C:\WINDOWS\System32\WS2_32.dll
0x00007ffc0b5d0000 - 0x00007ffc0b5fa000 	C:\WINDOWS\SYSTEM32\WINMMBASE.dll
0x00007ffc0e070000 - 0x00007ffc0e0b9000 	C:\WINDOWS\System32\cfgmgr32.dll
0x00007ffc0d6c0000 - 0x00007ffc0d6d1000 	C:\WINDOWS\System32\kernel.appcore.dll
0x00007ffc09f80000 - 0x00007ffc09f90000 	D:\java\jdk-13.0.2\bin\verify.dll
0x00007ffbf2140000 - 0x00007ffbf2309000 	C:\WINDOWS\SYSTEM32\DBGHELP.DLL
0x00007ffbf20e0000 - 0x00007ffbf2109000 	C:\WINDOWS\SYSTEM32\dbgcore.DLL
0x00007ffc06d10000 - 0x00007ffc06d36000 	D:\java\jdk-13.0.2\bin\java.dll
0x00007ffc08a10000 - 0x00007ffc08a27000 	D:\java\jdk-13.0.2\bin\zip.dll
0x00007ffc09f10000 - 0x00007ffc09f1a000 	D:\java\jdk-13.0.2\bin\jimage.dll
0x00007ffc0fe20000 - 0x00007ffc11265000 	C:\WINDOWS\System32\SHELL32.dll
0x00007ffc11270000 - 0x00007ffc11319000 	C:\WINDOWS\System32\shcore.dll
0x00007ffc0e0c0000 - 0x00007ffc0e7d0000 	C:\WINDOWS\System32\windows.storage.dll
0x00007ffc0fae0000 - 0x00007ffc0fb31000 	C:\WINDOWS\System32\shlwapi.dll
0x00007ffc0d6f0000 - 0x00007ffc0d70f000 	C:\WINDOWS\System32\profapi.dll
0x00007ffc0d670000 - 0x00007ffc0d6bc000 	C:\WINDOWS\System32\powrprof.dll
0x00007ffc0d6e0000 - 0x00007ffc0d6ea000 	C:\WINDOWS\System32\FLTLIB.DLL
0x00007ffc06cf0000 - 0x00007ffc06d09000 	D:\java\jdk-13.0.2\bin\net.dll
0x00007ffc093b0000 - 0x00007ffc0948d000 	C:\WINDOWS\SYSTEM32\WINHTTP.dll
0x00007ffc0ce70000 - 0x00007ffc0ced6000 	C:\WINDOWS\system32\mswsock.dll
0x00007ffc06c20000 - 0x00007ffc06c33000 	D:\java\jdk-13.0.2\bin\nio.dll
0x00007ffc0cbc0000 - 0x00007ffc0cbf8000 	C:\WINDOWS\SYSTEM32\IPHLPAPI.DLL
0x00007ffc0f8e0000 - 0x00007ffc0f8e8000 	C:\WINDOWS\System32\NSI.dll
0x00007ffc038f0000 - 0x00007ffc03906000 	C:\WINDOWS\SYSTEM32\dhcpcsvc6.DLL
0x00007ffc03a50000 - 0x00007ffc03a6a000 	C:\WINDOWS\SYSTEM32\dhcpcsvc.DLL
0x00007ffc083c0000 - 0x00007ffc083c9000 	D:\java\jdk-13.0.2\bin\management.dll
0x00007ffc07800000 - 0x00007ffc0780b000 	D:\java\jdk-13.0.2\bin\management_ext.dll
0x00007ffbf9dc0000 - 0x00007ffbf9dd6000 	C:\WINDOWS\system32\napinsp.dll
0x00007ffbf9da0000 - 0x00007ffbf9dba000 	C:\WINDOWS\system32\pnrpnsp.dll
0x00007ffc09ee0000 - 0x00007ffc09ef9000 	C:\WINDOWS\system32\NLAapi.dll
0x00007ffc0cc00000 - 0x00007ffc0ccbe000 	C:\WINDOWS\SYSTEM32\DNSAPI.dll
0x00007ffbfd900000 - 0x00007ffbfd90e000 	C:\WINDOWS\System32\winrnr.dll
0x00000000628b0000 - 0x00000000628d6000 	C:\Program Files\Bonjour\mdnsNSP.dll
0x00007ffc03e20000 - 0x00007ffc03e2a000 	C:\Windows\System32\rasadhlp.dll
0x00007ffbfe680000 - 0x00007ffbfe6f2000 	C:\WINDOWS\System32\fwpuclnt.dll
0x00007ffc0d150000 - 0x00007ffc0d175000 	C:\WINDOWS\SYSTEM32\bcrypt.dll

dbghelp: loaded successfully - version: 4.0.5 - missing functions: none
symbol engine: initialized successfully - sym options: 0x614 - pdb path: .;D:\java\jdk-13.0.2\bin;C:\WINDOWS\SYSTEM32;C:\WINDOWS\WinSxS\amd64_microsoft.windows.common-controls_6595b64144ccf1df_6.0.17134.1365_none_d401d10f7c8e8b9b;D:\java\jdk-13.0.2\bin\server;C:\Program Files\Bonjour

VM Arguments:
jvm_args: -ea -Dfile.encoding=UTF-8 
java_command: org.eclipse.jdt.internal.junit.runner.RemoteTestRunner -version 3 -port 58796 -testLoaderClass org.eclipse.jdt.internal.junit5.runner.JUnit5TestLoader -loaderpluginname org.eclipse.jdt.junit5.runtime -classNames com.example.demo.Demo1ApplicationTests
java_class_path (initial): F:\workspace\workstation\eclipse-workspace\SpringMvc\target\test-classes;F:\workspace\workstation\eclipse-workspace\SpringMvc\target\classes;C:\Users\bruce\.p2\pool\plugins\org.junit_4.12.0.v201504281640\junit.jar;C:\Users\bruce\.p2\pool\plugins\org.hamcrest.core_1.3.0.v20180420-1519.jar;C:\Users\bruce\.m2\repository\org\springframework\boot\spring-boot-starter-web\2.2.5.RELEASE\spring-boot-starter-web-2.2.5.RELEASE.jar;C:\Users\bruce\.m2\repository\org\springframework\boot\spring-boot-starter\2.2.5.RELEASE\spring-boot-starter-2.2.5.RELEASE.jar;C:\Users\bruce\.m2\repository\org\springframework\boot\spring-boot\2.2.5.RELEASE\spring-boot-2.2.5.RELEASE.jar;C:\Users\bruce\.m2\repository\org\springframework\boot\spring-boot-autoconfigure\2.2.5.RELEASE\spring-boot-autoconfigure-2.2.5.RELEASE.jar;C:\Users\bruce\.m2\repository\org\springframework\boot\spring-boot-starter-logging\2.2.5.RELEASE\spring-boot-starter-logging-2.2.5.RELEASE.jar;C:\Users\bruce\.m2\repository\ch\qos\logback\logback-classic\1.2.3\logback-classic-1.2.3.jar;C:\Users\bruce\.m2\repository\ch\qos\logback\logback-core\1.2.3\logback-core-1.2.3.jar;C:\Users\bruce\.m2\repository\org\apache\logging\log4j\log4j-to-slf4j\2.12.1\log4j-to-slf4j-2.12.1.jar;C:\Users\bruce\.m2\repository\org\apache\logging\log4j\log4j-api\2.12.1\log4j-api-2.12.1.jar;C:\Users\bruce\.m2\repository\org\slf4j\jul-to-slf4j\1.7.30\jul-to-slf4j-1.7.30.jar;C:\Users\bruce\.m2\repository\jakarta\annotation\jakarta.annotation-api\1.3.5\jakarta.annotation-api-1.3.5.jar;C:\Users\bruce\.m2\repository\org\yaml\snakeyaml\1.25\snakeyaml-1.25.jar;C:\Users\bruce\.m2\repository\org\springframework\boot\spring-boot-starter-json\2.2.5.RELEASE\spring-boot-starter-json-2.2.5.RELEASE.jar;C:\Users\bruce\.m2\repository\com\fasterxml\jackson\core\jackson-databind\2.10.2\jackson-databind-2.10.2.jar;C:\Users\bruce\.m2\repository\com\fasterxml\jackson\core\jackson-annotations\2.10.2\jackson-annotations-2.10.2.jar;C:\Users\bruce\.m2\rep
Launcher Type: SUN_STANDARD

[Global flags]
     intx CICompilerCount                          = 4                                         {product} {ergonomic}
     uint ConcGCThreads                            = 2                                         {product} {ergonomic}
     uint G1ConcRefinementThreads                  = 8                                         {product} {ergonomic}
   size_t G1HeapRegionSize                         = 1048576                                   {product} {ergonomic}
    uintx GCDrainStackTargetSize                   = 64                                        {product} {ergonomic}
   size_t InitialHeapSize                          = 268435456                                 {product} {ergonomic}
   size_t MarkStackSize                            = 4194304                                   {product} {ergonomic}
   size_t MaxHeapSize                              = 4280287232                                {product} {ergonomic}
   size_t MaxNewSize                               = 2567962624                                {product} {ergonomic}
   size_t MinHeapDeltaBytes                        = 1048576                                   {product} {ergonomic}
   size_t MinHeapSize                              = 8388608                                   {product} {ergonomic}
    uintx NonNMethodCodeHeapSize                   = 5839372                                {pd product} {ergonomic}
    uintx NonProfiledCodeHeapSize                  = 122909434                              {pd product} {ergonomic}
    uintx ProfiledCodeHeapSize                     = 122909434                              {pd product} {ergonomic}
    uintx ReservedCodeCacheSize                    = 251658240                              {pd product} {ergonomic}
     bool SegmentedCodeCache                       = true                                      {product} {ergonomic}
   size_t SoftMaxHeapSize                          = 4280287232                             {manageable} {ergonomic}
     bool UseCompressedClassPointers               = true                                 {lp64_product} {ergonomic}
     bool UseCompressedOops                        = true                                 {lp64_product} {ergonomic}
     bool UseG1GC                                  = true                                      {product} {ergonomic}
     bool UseLargePagesIndividualAllocation        = false                                  {pd product} {ergonomic}

Logging:
Log output configuration:
 #0: stdout all=warning uptime,level,tags
 #1: stderr all=off uptime,level,tags

Environment Variables:
JAVA_HOME=D:\java\jdk-13.0.2
PATH=D:/java/jdk-13.0.2/bin/server;D:/java/jdk-13.0.2/bin;C:\Perl64\site\bin;C:\Perl64\bin;D:\java\jdk-13.0.2\bin;C:\Program Files\NVIDIA GPU Computing Toolkit\CUDA\v9.0\bin;C:\Program Files\NVIDIA GPU Computing Toolkit\CUDA\v9.0\libnvvp;C:\ProgramData\Oracle\Java\javapath;C:\Program Files (x86)\Common Files\Intel\Shared Libraries\redist\intel64\compiler;C:\Program Files\Microsoft MPI\Bin\;C:\Windows\system32;C:\Windows;C:\Windows\System32\Wbem;C:\Windows\System32\WindowsPowerShell\v1.0\;C:\Program Files (x86)\NVIDIA Corporation\PhysX\Common;C:\WINDOWS\system32;C:\WINDOWS;C:\WINDOWS\System32\Wbem;C:\WINDOWS\System32\WindowsPowerShell\v1.0\;C:\Program Files\dotnet\;C:\Program Files\Microsoft SQL Server\130\Tools\Binn\;C:\Program Files (x86)\Bitvise SSH Client;D:\Program Files\TortoiseSVN\bin;C:\Program Files (x86)\IIS Express;D:\Program Files (x86)\Microsoft SQL Server\100\Tools\Binn\VSShell\Common7\IDE\;D:\Program Files (x86)\Microsoft SQL Server\100\Tools\Binn\;D:\Program Files\Microsoft SQL Server\100\Tools\Binn\;D:\Program Files (x86)\Microsoft SQL Server\100\DTS\Binn\;D:\b\cuda\cuda\bin;C:\Program Files\Git\cmd;D:\Go\bin;F:\workspace\workstation\ocr\tesseract-4.0.0-alpha;D:\Program Files\Microsoft VS Code;C:\Users\bruce\.vscode\extensions\ms-vscode.csharp-1.14.0\.omnisharp\msbuild\15.0\Bin\Roslyn;D:\Program Files (x86)\LINQPad5;D:\Program Files\nodejs\;D:\Program Files\CMake\bin;C:\MinGW\bin;D:\Program Files\LLVM\bin;C:\Program Files (x86)\GtkSharp\2.12\bin;D:\openvc\opencv\build\x64\vc15\bin;D:\openvc\opencv\build\x64\vc15\lib;F:\workspace\workstation\go\bin;F:\Program Files\green\mysql-8.0.11-winx64\bin;C:\WINDOWS\SysWOW64;C:\WINDOWS\system32;C:\WINDOWS;C:\WINDOWS\System32\Wbem;C:\WINDOWS\System32\WindowsPowerShell\v1.0\;C:\WINDOWS\System32\OpenSSH\;C:\Program Files\Common Files\Autodesk Shared\;D:\Program Files\Microsoft VS Code\bin;D:\Program Files (x86)\Gpg4win\..\GnuPG\bin;C:\Program Files\NVIDIA Corporation\NVIDIA NvDLISR;D:\flutter\bin;D:\Ruby25-x64\bin;C:\
USERNAME=bruce
OS=Windows_NT
PROCESSOR_IDENTIFIER=Intel64 Family 6 Model 60 Stepping 3, GenuineIntel



---------------  S Y S T E M  ---------------

OS: Windows 10 , 64 bit Build 17134 (10.0.17134.753)

CPU:total 8 (initial active 8) (4 cores per cpu, 2 threads per core) family 6 model 60 stepping 3, cmov, cx8, fxsr, mmx, sse, sse2, sse3, ssse3, sse4.1, sse4.2, popcnt, avx, avx2, aes, clmul, erms, lzcnt, ht, tsc, tscinvbit, bmi1, bmi2, fma

Memory: 4k page, system-wide physical 16326M (4317M free)
TotalPageFile size 21422M (AvailPageFile size 5M)
current process WorkingSet (physical memory assigned to process): 185M, peak: 191M
current process commit charge ("private bytes"): 229M, peak: 394M

vm_info: Java HotSpot(TM) 64-Bit Server VM (13.0.2+8) for windows-amd64 JRE (13.0.2+8), built on Dec 11 2019 09:20:33 by "mach5one" with unknown MS VC++:1916

END.
